	at org.wso2.carbon.user.core.common.DefaultRealmService.initializeRealm(DefaultRealmService.java:276) ~[org.wso2.carbon.user.core_4.9.26.jar:?]
	... 22 more
Caused by: org.wso2.carbon.user.core.UserStoreException: DB error occurred while checking is existing domain : PRIMARY & tenant id : -1234
	at org.wso2.carbon.user.core.util.UserCoreUtil.isExistingDomain(UserCoreUtil.java:1092) ~[org.wso2.carbon.user.core_4.9.26.jar:?]
	at org.wso2.carbon.user.core.util.UserCoreUtil.persistDomain(UserCoreUtil.java:915) ~[org.wso2.carbon.user.core_4.9.26.jar:?]
	at org.wso2.carbon.user.core.common.AbstractUserStoreManager.persistDomain(AbstractUserStoreManager.java:9434) ~[org.wso2.carbon.user.core_4.9.26.jar:?]
	at org.wso2.carbon.user.core.jdbc.JDBCUserStoreManager.<init>(JDBCUserStoreManager.java:345) ~[org.wso2.carbon.user.core_4.9.26.jar:?]
	at org.wso2.carbon.user.core.jdbc.JDBCUserStoreManager.<init>(JDBCUserStoreManager.java:276) ~[org.wso2.carbon.user.core_4.9.26.jar:?]
	at org.wso2.carbon.user.core.jdbc.UniqueIDJDBCUserStoreManager.<init>(UniqueIDJDBCUserStoreManager.java:132) ~[org.wso2.carbon.user.core_4.9.26.jar:?]
	at jdk.internal.reflect.NativeConstructorAccessorImpl.newInstance0(Native Method) ~[?:?]
	at jdk.internal.reflect.NativeConstructorAccessorImpl.newInstance(NativeConstructorAccessorImpl.java:77) ~[?:?]
	at jdk.internal.reflect.DelegatingConstructorAccessorImpl.newInstance(DelegatingConstructorAccessorImpl.java:45) ~[?:?]
	at java.lang.reflect.Constructor.newInstanceWithCaller(Constructor.java:499) ~[?:?]
	at java.lang.reflect.Constructor.newInstance(Constructor.java:480) ~[?:?]
	at org.wso2.carbon.user.core.common.DefaultRealm.createObjectWithOptions(DefaultRealm.java:356) ~[org.wso2.carbon.user.core_4.9.26.jar:?]
	at org.wso2.carbon.user.core.common.DefaultRealm.initializeObjects(DefaultRealm.java:231) ~[org.wso2.carbon.user.core_4.9.26.jar:?]
	at org.wso2.carbon.user.core.common.DefaultRealm.init(DefaultRealm.java:136) ~[org.wso2.carbon.user.core_4.9.26.jar:?]
	at org.wso2.carbon.user.core.common.DefaultRealmService.initializeRealm(DefaultRealmService.java:276) ~[org.wso2.carbon.user.core_4.9.26.jar:?]
	... 22 more
Caused by: org.postgresql.util.PSQLException: ERROR: relation "um_domain" does not exist
  Position: 26
	at org.postgresql.core.v3.QueryExecutorImpl.receiveErrorResponse(QueryExecutorImpl.java:2676) ~[postgresql-42.5.0.jar:42.5.0]
	at org.postgresql.core.v3.QueryExecutorImpl.processResults(QueryExecutorImpl.java:2366) ~[postgresql-42.5.0.jar:42.5.0]
	at org.postgresql.core.v3.QueryExecutorImpl.execute(QueryExecutorImpl.java:356) ~[postgresql-42.5.0.jar:42.5.0]
	at org.postgresql.jdbc.PgStatement.executeInternal(PgStatement.java:496) ~[postgresql-42.5.0.jar:42.5.0]
	at org.postgresql.jdbc.PgStatement.execute(PgStatement.java:413) ~[postgresql-42.5.0.jar:42.5.0]
	at org.postgresql.jdbc.PgPreparedStatement.executeWithFlags(PgPreparedStatement.java:190) ~[postgresql-42.5.0.jar:42.5.0]
	at org.postgresql.jdbc.PgPreparedStatement.executeQuery(PgPreparedStatement.java:134) ~[postgresql-42.5.0.jar:42.5.0]
	at jdk.internal.reflect.NativeMethodAccessorImpl.invoke0(Native Method) ~[?:?]
	at jdk.internal.reflect.NativeMethodAccessorImpl.invoke(NativeMethodAccessorImpl.java:77) ~[?:?]
	at jdk.internal.reflect.DelegatingMethodAccessorImpl.invoke(DelegatingMethodAccessorImpl.java:43) ~[?:?]
	at java.lang.reflect.Method.invoke(Method.java:568) ~[?:?]
	at org.apache.tomcat.jdbc.pool.StatementFacade$StatementProxy.invoke(StatementFacade.java:118) ~[jdbc-pool_9.0.65.wso2v1.jar:?]
	at jdk.proxy6.$Proxy50.executeQuery(Unknown Source) ~[?:?]
	at org.wso2.carbon.user.core.util.UserCoreUtil.isExistingDomain(UserCoreUtil.java:1081) ~[org.wso2.carbon.user.core_4.9.26.jar:?]
	at org.wso2.carbon.user.core.util.UserCoreUtil.persistDomain(UserCoreUtil.java:915) ~[org.wso2.carbon.user.core_4.9.26.jar:?]
	at org.wso2.carbon.user.core.common.AbstractUserStoreManager.persistDomain(AbstractUserStoreManager.java:9434) ~[org.wso2.carbon.user.core_4.9.26.jar:?]
	at org.wso2.carbon.user.core.jdbc.JDBCUserStoreManager.<init>(JDBCUserStoreManager.java:345) ~[org.wso2.carbon.user.core_4.9.26.jar:?]
	at org.wso2.carbon.user.core.jdbc.JDBCUserStoreManager.<init>(JDBCUserStoreManager.java:276) ~[org.wso2.carbon.user.core_4.9.26.jar:?]
	at org.wso2.carbon.user.core.jdbc.UniqueIDJDBCUserStoreManager.<init>(UniqueIDJDBCUserStoreManager.java:132) ~[org.wso2.carbon.user.core_4.9.26.jar:?]
	at jdk.internal.reflect.NativeConstructorAccessorImpl.newInstance0(Native Method) ~[?:?]
	at jdk.internal.reflect.NativeConstructorAccessorImpl.newInstance(NativeConstructorAccessorImpl.java:77) ~[?:?]
	at jdk.internal.reflect.DelegatingConstructorAccessorImpl.newInstance(DelegatingConstructorAccessorImpl.java:45) ~[?:?]
	at java.lang.reflect.Constructor.newInstanceWithCaller(Constructor.java:499) ~[?:?]
	at java.lang.reflect.Constructor.newInstance(Constructor.java:480) ~[?:?]
	at org.wso2.carbon.user.core.common.DefaultRealm.createObjectWithOptions(DefaultRealm.java:356) ~[org.wso2.carbon.user.core_4.9.26.jar:?]
	at org.wso2.carbon.user.core.common.DefaultRealm.initializeObjects(DefaultRealm.java:231) ~[org.wso2.carbon.user.core_4.9.26.jar:?]
	at org.wso2.carbon.user.core.common.DefaultRealm.init(DefaultRealm.java:136) ~[org.wso2.carbon.user.core_4.9.26.jar:?]
	at org.wso2.carbon.user.core.common.DefaultRealmService.initializeRealm(DefaultRealmService.java:276) ~[org.wso2.carbon.user.core_4.9.26.jar:?]
	... 22 more
